0 info it worked if it ends with ok
1 verbose cli [ 'C:\\Program Files\\nodejs\\\\node.exe',
1 verbose cli   'C:\\Program Files\\nodejs\\node_modules\\npm\\bin\\npm-cli.js',
1 verbose cli   'install' ]
2 info using npm@1.1.59
3 info using node@v0.8.8
4 verbose node symlink C:\Program Files\nodejs\\node.exe
5 verbose read json C:\Users\Salman\Documents\GitHub\psi\package.json
6 verbose readDependencies using package.json deps
7 verbose install where, deps [ 'C:\\Users\\Salman\\Documents\\GitHub\\psi',
7 verbose install   [ 'express',
7 verbose install     'jade',
7 verbose install     'node.io',
7 verbose install     'mongoose',
7 verbose install     'node-schedule',
7 verbose install     'request',
7 verbose install     'mime',
7 verbose install     'fs' ] ]
8 verbose from cache C:\Users\Salman\Documents\GitHub\psi\package.json
9 info preinstall application-name@0.0.1
10 verbose read json C:\Users\Salman\Documents\GitHub\psi\node_modules\express\package.json
11 verbose read json C:\Users\Salman\Documents\GitHub\psi\node_modules\jade\package.json
12 verbose read json C:\Users\Salman\Documents\GitHub\psi\node_modules\mime\package.json
13 verbose read json C:\Users\Salman\Documents\GitHub\psi\node_modules\mongoose\package.json
14 verbose read json C:\Users\Salman\Documents\GitHub\psi\node_modules\node-schedule\package.json
15 verbose read json C:\Users\Salman\Documents\GitHub\psi\node_modules\node.io\package.json
16 verbose read json C:\Users\Salman\Documents\GitHub\psi\node_modules\request\package.json
17 verbose from cache C:\Users\Salman\Documents\GitHub\psi\package.json
18 verbose readDependencies using package.json deps
19 verbose read json C:\Users\Salman\Documents\GitHub\psi\node_modules\.bin\package.json
20 verbose from cache C:\Users\Salman\Documents\GitHub\psi\node_modules\express\package.json
21 verbose from cache C:\Users\Salman\Documents\GitHub\psi\node_modules\jade\package.json
22 verbose from cache C:\Users\Salman\Documents\GitHub\psi\node_modules\mime\package.json
23 verbose from cache C:\Users\Salman\Documents\GitHub\psi\node_modules\mongoose\package.json
24 verbose from cache C:\Users\Salman\Documents\GitHub\psi\node_modules\node-schedule\package.json
25 verbose from cache C:\Users\Salman\Documents\GitHub\psi\node_modules\node.io\package.json
26 verbose from cache C:\Users\Salman\Documents\GitHub\psi\node_modules\request\package.json
27 verbose already installed skipping express@3.2.0 C:\Users\Salman\Documents\GitHub\psi
28 verbose already installed skipping jade@* C:\Users\Salman\Documents\GitHub\psi
29 verbose already installed skipping node.io@* C:\Users\Salman\Documents\GitHub\psi
30 verbose already installed skipping mongoose@* C:\Users\Salman\Documents\GitHub\psi
31 verbose already installed skipping node-schedule@* C:\Users\Salman\Documents\GitHub\psi
32 verbose already installed skipping request@* C:\Users\Salman\Documents\GitHub\psi
33 verbose already installed skipping mime@* C:\Users\Salman\Documents\GitHub\psi
34 verbose cache add [ 'fs@*', null ]
35 silly cache add name=undefined spec="fs@*" args=["fs@*",null]
36 verbose parsed url { pathname: 'fs@*', path: 'fs@*', href: 'fs@*' }
37 silly cache add name="fs" spec="*" args=["fs","*"]
38 verbose parsed url { pathname: '*', path: '*', href: '*' }
39 verbose addNamed [ 'fs', '*' ]
40 verbose addNamed [ null, '' ]
41 silly lockFile d8bf140d-fs fs@*
42 verbose lock fs@* C:\Users\Salman\AppData\Roaming\npm-cache\d8bf140d-fs.lock
43 silly addNameRange { name: 'fs', range: '', hasData: false }
44 verbose url raw fs
45 verbose url resolving [ 'https://registry.npmjs.org/', './fs' ]
46 verbose url resolved https://registry.npmjs.org/fs
47 info retry registry request attempt 1 at 17:38:01
48 http GET https://registry.npmjs.org/fs
49 http 404 https://registry.npmjs.org/fs
50 silly registry.get cb [ 404,
50 silly registry.get   { server: 'CouchDB/1.3.0 (Erlang OTP/R15B03)',
50 silly registry.get     date: 'Sat, 22 Jun 2013 09:38:15 GMT',
50 silly registry.get     'content-type': 'application/json',
50 silly registry.get     'content-length': '52',
50 silly registry.get     'cache-control': 'must-revalidate' } ]
51 silly lockFile d8bf140d-fs fs@*
52 error 404 'fs' is not in the npm registry.
52 error 404 You should bug the author to publish it
52 error 404
52 error 404 Note that you can also install from a
52 error 404 tarball, folder, or http url, or git url.
53 error System Windows_NT 6.2.9200
54 error command "C:\\Program Files\\nodejs\\\\node.exe" "C:\\Program Files\\nodejs\\node_modules\\npm\\bin\\npm-cli.js" "install"
55 error cwd C:\Users\Salman\Documents\GitHub\psi
56 error node -v v0.8.8
57 error npm -v 1.1.59
58 error code E404
59 verbose exit [ 1, true ]
